<?xml version="1.0" encoding="UTF-8"?>
<!-- Generated by org.testng.reporters.JUnitReportReporter -->
<testsuite hostname="raman" name="Test_cases.FrameTest" tests="1" failures="0" timestamp="24 Oct 2018 20:31:15 GMT" time="53.535" errors="0">
  <testcase name="alert" time="53.535" classname="Test_cases.FrameTest"/>
</testsuite> <!-- Test_cases.FrameTest -->
